19:35:02 **** Clean-only build of configuration Default for project pthreads-sd ****
make clean 
rm -rf *.o sd
19:35:23 **** Build of configuration Default for project pthreads-sd ****
make all 
gcc  -DLINUX -D_FILE_OFFSET_BITS=64 -std=c99 -Wall -Wno-unused-function -Wno-unused-label -Wno-unused-variable -Wno-parentheses -Wsequence-point  -pthread -O3 -fno-strict-aliasing -D_GNU_SOURCE -g sd.c getopt.c cmdline.c util.c -lm -o sd
sd.c: In function ‘ComputeNeighbors’:
sd.c:111:9: warning: format ‘%d’ expects argument of type ‘int’, but argument 4 has type ‘gk_idx_t’ [-Wformat]
19:35:31 **** Incremental Build of configuration Default for project pthreads-sd ****
make all 
make: Nothing to be done for `all'.
19:35:46 **** Incremental Build of configuration Default for project pthreads-sd ****
make all 
make: Nothing to be done for `all'.
19:35:50 **** Incremental Build of configuration Default for project pthreads-sd ****
make all 
make: Nothing to be done for `all'.
19:36:10 **** Incremental Build of configuration Default for project pthreads-sd ****
make all 
make: Nothing to be done for `all'.
19:36:18 **** Incremental Build of configuration Default for project pthreads-sd ****
make all 
make: Nothing to be done for `all'.
19:38:04 **** Incremental Build of configuration Default for project pthreads-sd ****
make all 
make: Nothing to be done for `all'.
21:41:44 **** Incremental Build of configuration Default for project pthreads-sd ****
make all 
make: Nothing to be done for `all'.
21:54:26 **** Incremental Build of configuration Default for project pthreads-sd ****
make all 
make: Nothing to be done for `all'.
21:54:58 **** Incremental Build of configuration Default for project pthreads-sd ****
make all 
make: Nothing to be done for `all'.
21:55:19 **** Incremental Build of configuration Default for project pthreads-sd ****
make all 
make: Nothing to be done for `all'.
21:57:31 **** Incremental Build of configuration Default for project pthreads-sd ****
make all 
make: Nothing to be done for `all'.
21:57:46 **** Incremental Build of configuration Default for project pthreads-sd ****
make all 
make: Nothing to be done for `all'.
21:58:18 **** Incremental Build of configuration Default for project pthreads-sd ****
make all 
make: Nothing to be done for `all'.
21:58:27 **** Incremental Build of configuration Default for project pthreads-sd ****
make all 
make: Nothing to be done for `all'.
21:58:37 **** Clean-only build of configuration Default for project pthreads-sd ****
make clean 
rm -rf *.o sd
21:58:48 **** Build of configuration Default for project pthreads-sd ****
make all 
gcc  -DLINUX -D_FILE_OFFSET_BITS=64 -std=c99 -Wall -Wno-unused-function -Wno-unused-label -Wno-unused-variable -Wno-parentheses -Wsequence-point  -pthread -O3 -fno-strict-aliasing -D_GNU_SOURCE -g sd.c getopt.c cmdline.c util.c -lm -o sd
sd.c: In function ‘ComputeNeighbors’:
sd.c:111:9: warning: format ‘%d’ expects argument of type ‘int’, but argument 4 has type ‘gk_idx_t’ [-Wformat]
21:59:11 **** Incremental Build of configuration Default for project pthreads-sd ****
make all 
make: Nothing to be done for `all'.
22:42:48 **** Incremental Build of configuration Default for project pthreads-sd ****
make all 
make: Nothing to be done for `all'.
22:44:40 **** Incremental Build of configuration Default for project pthreads-sd ****
make all 
make: Nothing to be done for `all'.
22:46:24 **** Incremental Build of configuration Default for project pthreads-sd ****
make all 
make: Nothing to be done for `all'.
22:46:26 **** Incremental Build of configuration Default for project pthreads-sd ****
make all 
make: Nothing to be done for `all'.
22:46:27 **** Incremental Build of configuration Default for project pthreads-sd ****
make all 
make: Nothing to be done for `all'.
22:46:28 **** Incremental Build of configuration Default for project pthreads-sd ****
make all 
make: Nothing to be done for `all'.
22:46:29 **** Incremental Build of configuration Default for project pthreads-sd ****
make all 
make: Nothing to be done for `all'.
22:46:30 **** Incremental Build of configuration Default for project pthreads-sd ****
make all 
make: Nothing to be done for `all'.
22:46:31 **** Incremental Build of configuration Default for project pthreads-sd ****
make all 
make: Nothing to be done for `all'.
22:47:03 **** Incremental Build of configuration Default for project pthreads-sd ****
make all 
make: Nothing to be done for `all'.
22:47:12 **** Clean-only build of configuration Default for project pthreads-sd ****
make clean 
rm -rf *.o sd
22:47:17 **** Build of configuration Default for project pthreads-sd ****
make all 
gcc  -DLINUX -D_FILE_OFFSET_BITS=64 -std=c99 -Wall -Wno-unused-function -Wno-unused-label -Wno-unused-variable -Wno-parentheses -Wsequence-point  -pthread -O3 -fno-strict-aliasing -D_GNU_SOURCE -g sd.c getopt.c cmdline.c util.c -lm -o sd
sd.c: In function ‘ComputeNeighbors’:
sd.c:122:4: error: cannot convert to a pointer type
sd.c: In function ‘workingthread’:
sd.c:167:10: warning: format ‘%d’ expects argument of type ‘int’, but argument 4 has type ‘gk_idx_t’ [-Wformat]
make: *** [sd] Error 1
22:48:18 **** Incremental Build of configuration Default for project pthreads-sd ****
make all 
gcc  -DLINUX -D_FILE_OFFSET_BITS=64 -std=c99 -Wall -Wno-unused-function -Wno-unused-label -Wno-unused-variable -Wno-parentheses -Wsequence-point  -pthread -O3 -fno-strict-aliasing -D_GNU_SOURCE -g sd.c getopt.c cmdline.c util.c -lm -o sd
sd.c: In function ‘ComputeNeighbors’:
sd.c:118:25: error: request for member ‘foutptr’ in something not a structure or union
sd.c:119:25: error: request for member ‘matptr’ in something not a structure or union
sd.c:120:25: error: request for member ‘param_ptr’ in something not a structure or union
sd.c:121:25: error: request for member ‘offset’ in something not a structure or union
sd.c: In function ‘workingthread’:
sd.c:167:10: warning: format ‘%d’ expects argument of type ‘int’, but argument 4 has type ‘gk_idx_t’ [-Wformat]
make: *** [sd] Error 1
22:49:00 **** Incremental Build of configuration Default for project pthreads-sd ****
make all 
gcc  -DLINUX -D_FILE_OFFSET_BITS=64 -std=c99 -Wall -Wno-unused-function -Wno-unused-label -Wno-unused-variable -Wno-parentheses -Wsequence-point  -pthread -O3 -fno-strict-aliasing -D_GNU_SOURCE -g sd.c getopt.c cmdline.c util.c -lm -o sd
sd.c: In function ‘ComputeNeighbors’:
sd.c:118:25: error: request for member ‘foutptr’ in something not a structure or union
sd.c:119:25: error: request for member ‘matptr’ in something not a structure or union
sd.c:120:25: error: request for member ‘param_ptr’ in something not a structure or union
sd.c:121:25: error: request for member ‘offset’ in something not a structure or union
sd.c: In function ‘workingthread’:
sd.c:167:10: warning: format ‘%d’ expects argument of type ‘int’, but argument 4 has type ‘gk_idx_t’ [-Wformat]
make: *** [sd] Error 1
22:49:20 **** Incremental Build of configuration Default for project pthreads-sd ****
make all 
gcc  -DLINUX -D_FILE_OFFSET_BITS=64 -std=c99 -Wall -Wno-unused-function -Wno-unused-label -Wno-unused-variable -Wno-parentheses -Wsequence-point  -pthread -O3 -fno-strict-aliasing -D_GNU_SOURCE -g sd.c getopt.c cmdline.c util.c -lm -o sd
sd.c: In function ‘workingthread’:
sd.c:167:10: warning: format ‘%d’ expects argument of type ‘int’, but argument 4 has type ‘gk_idx_t’ [-Wformat]
22:50:02 **** Incremental Build of configuration Default for project pthreads-sd ****
make all 
make: Nothing to be done for `all'.
22:52:13 **** Incremental Build of configuration Default for project pthreads-sd ****
make all 
make: Nothing to be done for `all'.
22:52:16 **** Incremental Build of configuration Default for project pthreads-sd ****
make all 
make: Nothing to be done for `all'.
22:52:22 **** Incremental Build of configuration Default for project pthreads-sd ****
make all 
make: Nothing to be done for `all'.
22:52:31 **** Incremental Build of configuration Default for project pthreads-sd ****
make all 
make: Nothing to be done for `all'.
22:52:33 **** Incremental Build of configuration Default for project pthreads-sd ****
make all 
make: Nothing to be done for `all'.
22:52:39 **** Clean-only build of configuration Default for project pthreads-sd ****
make clean 
rm -rf *.o sd
22:55:30 **** Build of configuration Default for project pthreads-sd ****
make all 
make: Nothing to be done for `all'.
22:55:56 **** Incremental Build of configuration Default for project pthreads-sd ****
make all 
make: Nothing to be done for `all'.
23:04:37 **** Incremental Build of configuration Default for project pthreads-sd ****
make all 
gcc  -DLINUX -D_FILE_OFFSET_BITS=64 -std=c99 -Wall -Wno-unused-function -Wno-unused-label -Wno-unused-variable -Wno-parentheses -Wsequence-point  -pthread -O3 -fno-strict-aliasing -D_GNU_SOURCE -g sd.c getopt.c cmdline.c util.c -lm -o sd
sd.c: In function ‘ComputeNeighbors’:
sd.c:121:4: error: cannot convert to a pointer type
sd.c: In function ‘workingthread’:
sd.c:166:10: warning: format ‘%d’ expects argument of type ‘int’, but argument 4 has type ‘gk_idx_t’ [-Wformat]
make: *** [sd] Error 1
23:05:42 **** Incremental Build of configuration Default for project pthreads-sd ****
make all 
gcc  -DLINUX -D_FILE_OFFSET_BITS=64 -std=c99 -Wall -Wno-unused-function -Wno-unused-label -Wno-unused-variable -Wno-parentheses -Wsequence-point  -pthread -O3 -fno-strict-aliasing -D_GNU_SOURCE -g sd.c getopt.c cmdline.c util.c -lm -o sd
sd.c: In function ‘ComputeNeighbors’:
sd.c:117:25: error: invalid type argument of ‘->’ (have ‘threadpack_t’)
sd.c:118:25: error: invalid type argument of ‘->’ (have ‘threadpack_t’)
sd.c:119:25: error: invalid type argument of ‘->’ (have ‘threadpack_t’)
sd.c:120:25: error: invalid type argument of ‘->’ (have ‘threadpack_t’)
sd.c: In function ‘workingthread’:
sd.c:166:10: warning: format ‘%d’ expects argument of type ‘int’, but argument 4 has type ‘gk_idx_t’ [-Wformat]
make: *** [sd] Error 1
23:06:10 **** Incremental Build of configuration Default for project pthreads-sd ****
make all 
gcc  -DLINUX -D_FILE_OFFSET_BITS=64 -std=c99 -Wall -Wno-unused-function -Wno-unused-label -Wno-unused-variable -Wno-parentheses -Wsequence-point  -pthread -O3 -fno-strict-aliasing -D_GNU_SOURCE -g sd.c getopt.c cmdline.c util.c -lm -o sd
sd.c: In function ‘workingthread’:
sd.c:166:10: warning: format ‘%d’ expects argument of type ‘int’, but argument 4 has type ‘gk_idx_t’ [-Wformat]
23:06:18 **** Incremental Build of configuration Default for project pthreads-sd ****
make all 
make: Nothing to be done for `all'.
23:06:57 **** Incremental Build of configuration Default for project pthreads-sd ****
make all 
make: Nothing to be done for `all'.
23:07:09 **** Incremental Build of configuration Default for project pthreads-sd ****
make all 
make: Nothing to be done for `all'.
23:07:15 **** Incremental Build of configuration Default for project pthreads-sd ****
make all 
make: Nothing to be done for `all'.
23:07:18 **** Incremental Build of configuration Default for project pthreads-sd ****
make all 
make: Nothing to be done for `all'.
23:07:21 **** Incremental Build of configuration Default for project pthreads-sd ****
make all 
make: Nothing to be done for `all'.
23:07:26 **** Incremental Build of configuration Default for project pthreads-sd ****
make all 
make: Nothing to be done for `all'.
23:08:11 **** Incremental Build of configuration Default for project pthreads-sd ****
make all 
make: Nothing to be done for `all'.
23:08:19 **** Incremental Build of configuration Default for project pthreads-sd ****
make all 
make: Nothing to be done for `all'.
23:08:34 **** Incremental Build of configuration Default for project pthreads-sd ****
make all 
gcc  -DLINUX -D_FILE_OFFSET_BITS=64 -std=c99 -Wall -Wno-unused-function -Wno-unused-label -Wno-unused-variable -Wno-parentheses -Wsequence-point  -pthread -O3 -fno-strict-aliasing -D_GNU_SOURCE -g sd.c getopt.c cmdline.c util.c -lm -o sd
sd.c: In function ‘ComputeNeighbors’:
sd.c:117:25: error: invalid type argument of ‘->’ (have ‘threadpack_t’)
sd.c:118:25: error: invalid type argument of ‘->’ (have ‘threadpack_t’)
sd.c:119:25: error: invalid type argument of ‘->’ (have ‘threadpack_t’)
sd.c:120:25: error: invalid type argument of ‘->’ (have ‘threadpack_t’)
sd.c:121:4: error: cannot convert to a pointer type
sd.c: In function ‘workingthread’:
sd.c:166:10: warning: format ‘%d’ expects argument of type ‘int’, but argument 4 has type ‘gk_idx_t’ [-Wformat]
make: *** [sd] Error 1
23:08:45 **** Incremental Build of configuration Default for project pthreads-sd ****
make all 
gcc  -DLINUX -D_FILE_OFFSET_BITS=64 -std=c99 -Wall -Wno-unused-function -Wno-unused-label -Wno-unused-variable -Wno-parentheses -Wsequence-point  -pthread -O3 -fno-strict-aliasing -D_GNU_SOURCE -g sd.c getopt.c cmdline.c util.c -lm -o sd
sd.c: In function ‘ComputeNeighbors’:
sd.c:117:25: error: invalid type argument of ‘->’ (have ‘threadpack_t’)
sd.c: In function ‘workingthread’:
sd.c:166:10: warning: format ‘%d’ expects argument of type ‘int’, but argument 4 has type ‘gk_idx_t’ [-Wformat]
make: *** [sd] Error 1
23:09:05 **** Incremental Build of configuration Default for project pthreads-sd ****
make all 
gcc  -DLINUX -D_FILE_OFFSET_BITS=64 -std=c99 -Wall -Wno-unused-function -Wno-unused-label -Wno-unused-variable -Wno-parentheses -Wsequence-point  -pthread -O3 -fno-strict-aliasing -D_GNU_SOURCE -g sd.c getopt.c cmdline.c util.c -lm -o sd
sd.c: In function ‘workingthread’:
sd.c:166:10: warning: format ‘%d’ expects argument of type ‘int’, but argument 4 has type ‘gk_idx_t’ [-Wformat]
23:09:30 **** Incremental Build of configuration Default for project pthreads-sd ****
make all 
make: Nothing to be done for `all'.
23:09:36 **** Incremental Build of configuration Default for project pthreads-sd ****
make all 
make: Nothing to be done for `all'.
23:10:34 **** Incremental Build of configuration Default for project pthreads-sd ****
make all 
make: Nothing to be done for `all'.
23:10:37 **** Incremental Build of configuration Default for project pthreads-sd ****
make all 
make: Nothing to be done for `all'.
23:12:10 **** Incremental Build of configuration Default for project pthreads-sd ****
make all 
gcc  -DLINUX -D_FILE_OFFSET_BITS=64 -std=c99 -Wall -Wno-unused-function -Wno-unused-label -Wno-unused-variable -Wno-parentheses -Wsequence-point  -pthread -O3 -fno-strict-aliasing -D_GNU_SOURCE -g sd.c getopt.c cmdline.c util.c -lm -o sd
sd.c: In function ‘workingthread’:
sd.c:167:10: warning: format ‘%d’ expects argument of type ‘int’, but argument 4 has type ‘gk_idx_t’ [-Wformat]
23:19:38 **** Incremental Build of configuration Default for project pthreads-sd ****
make all 
make: Nothing to be done for `all'.
23:19:47 **** Incremental Build of configuration Default for project pthreads-sd ****
make all 
make: Nothing to be done for `all'.
23:20:04 **** Incremental Build of configuration Default for project pthreads-sd ****
make all 
make: Nothing to be done for `all'.
23:20:37 **** Incremental Build of configuration Default for project pthreads-sd ****
make all 
make: Nothing to be done for `all'.
23:20:52 **** Incremental Build of configuration Default for project pthreads-sd ****
make all 
make: Nothing to be done for `all'.
23:20:56 **** Incremental Build of configuration Default for project pthreads-sd ****
make all 
make: Nothing to be done for `all'.
23:21:32 **** Incremental Build of configuration Default for project pthreads-sd ****
make all 
gcc  -DLINUX -D_FILE_OFFSET_BITS=64 -std=c99 -Wall -Wno-unused-function -Wno-unused-label -Wno-unused-variable -Wno-parentheses -Wsequence-point  -pthread -O3 -fno-strict-aliasing -D_GNU_SOURCE -g sd.c getopt.c cmdline.c util.c -lm -o sd
sd.c: In function ‘ComputeNeighbors’:
sd.c:121:4: warning: format ‘%d’ expects argument of type ‘int’, but argument 3 has type ‘threadpack_t’ [-Wformat]
sd.c: In function ‘workingthread’:
sd.c:161:10: warning: format ‘%d’ expects argument of type ‘int’, but argument 4 has type ‘gk_idx_t’ [-Wformat]
23:21:38 **** Incremental Build of configuration Default for project pthreads-sd ****
make all 
make: Nothing to be done for `all'.
00:27:07 **** Incremental Build of configuration Default for project pthreads-sd ****
make all 
make: Nothing to be done for `all'.
00:30:51 **** Incremental Build of configuration Default for project pthreads-sd ****
make all 
make: Nothing to be done for `all'.
